Determining if the pthread_create exist failed with the following output:
Change Dir: /home/sneha/mybot/mybot_ws/build/mybot_gazebo/CMakeFiles/CMakeTmp

Run Build Command:"/usr/bin/make" "cmTC_faae9/fast"
/usr/bin/make -f CMakeFiles/cmTC_faae9.dir/build.make CMakeFiles/cmTC_faae9.dir/build
make[1]: Entering directory '/home/sneha/mybot/mybot_ws/build/mybot_gazebo/CMakeFiles/CMakeTmp'
Building C object CMakeFiles/cmTC_faae9.dir/CheckSymbolExists.c.o
/usr/bin/cc     -o CMakeFiles/cmTC_faae9.dir/CheckSymbolExists.c.o   -c /home/sneha/mybot/mybot_ws/build/mybot_gazebo/CMakeFiles/CMakeTmp/CheckSymbolExists.c
Linking C executable cmTC_faae9
/usr/bin/cmake -E cmake_link_script CMakeFiles/cmTC_faae9.dir/link.txt --verbose=1
/usr/bin/cc       CMakeFiles/cmTC_faae9.dir/CheckSymbolExists.c.o  -o cmTC_faae9 -rdynamic 
CMakeFiles/cmTC_faae9.dir/CheckSymbolExists.c.o: In function `main':
CheckSymbolExists.c:(.text+0x16): undefined reference to `pthread_create'
collect2: error: ld returned 1 exit status
CMakeFiles/cmTC_faae9.dir/build.make:97: recipe for target 'cmTC_faae9' failed
make[1]: *** [cmTC_faae9] Error 1
make[1]: Leaving directory '/home/sneha/mybot/mybot_ws/build/mybot_gazebo/CMakeFiles/CMakeTmp'
Makefile:126: recipe for target 'cmTC_faae9/fast' failed
make: *** [cmTC_faae9/fast] Error 2

File /home/sneha/mybot/mybot_ws/build/mybot_gazebo/CMakeFiles/CMakeTmp/CheckSymbolExists.c:
/* */
#include <pthread.h>

int main(int argc, char** argv)
{
  (void)argv;
#ifndef pthread_create
  return ((int*)(&pthread_create))[argc];
#else
  (void)argc;
  return 0;
#endif
}

Determining if the function pthread_create exists in the pthreads failed with the following output:
Change Dir: /home/sneha/mybot/mybot_ws/build/mybot_gazebo/CMakeFiles/CMakeTmp

Run Build Command:"/usr/bin/make" "cmTC_4200b/fast"
/usr/bin/make -f CMakeFiles/cmTC_4200b.dir/build.make CMakeFiles/cmTC_4200b.dir/build
make[1]: Entering directory '/home/sneha/mybot/mybot_ws/build/mybot_gazebo/CMakeFiles/CMakeTmp'
Building C object CMakeFiles/cmTC_4200b.dir/CheckFunctionExists.c.o
/usr/bin/cc    -DCHECK_FUNCTION_EXISTS=pthread_create   -o CMakeFiles/cmTC_4200b.dir/CheckFunctionExists.c.o   -c /usr/share/cmake-3.5/Modules/CheckFunctionExists.c
Linking C executable cmTC_4200b
/usr/bin/cmake -E cmake_link_script CMakeFiles/cmTC_4200b.dir/link.txt --verbose=1
/usr/bin/cc   -DCHECK_FUNCTION_EXISTS=pthread_create    CMakeFiles/cmTC_4200b.dir/CheckFunctionExists.c.o  -o cmTC_4200b -rdynamic -lpthreads 
/usr/bin/ld: cannot find -lpthreads
collect2: error: ld returned 1 exit status
CMakeFiles/cmTC_4200b.dir/build.make:97: recipe for target 'cmTC_4200b' failed
make[1]: *** [cmTC_4200b] Error 1
make[1]: Leaving directory '/home/sneha/mybot/mybot_ws/build/mybot_gazebo/CMakeFiles/CMakeTmp'
Makefile:126: recipe for target 'cmTC_4200b/fast' failed
make: *** [cmTC_4200b/fast] Error 2


