Determining if the pthread_create exist failed with the following output:
Change Dir: /home/sneha/mybot/mybot_ws/build/mybot_description/CMakeFiles/CMakeTmp

Run Build Command:"/usr/bin/make" "cmTC_6bd4a/fast"
/usr/bin/make -f CMakeFiles/cmTC_6bd4a.dir/build.make CMakeFiles/cmTC_6bd4a.dir/build
make[1]: Entering directory '/home/sneha/mybot/mybot_ws/build/mybot_description/CMakeFiles/CMakeTmp'
Building C object CMakeFiles/cmTC_6bd4a.dir/CheckSymbolExists.c.o
/usr/bin/cc     -o CMakeFiles/cmTC_6bd4a.dir/CheckSymbolExists.c.o   -c /home/sneha/mybot/mybot_ws/build/mybot_description/CMakeFiles/CMakeTmp/CheckSymbolExists.c
Linking C executable cmTC_6bd4a
/usr/bin/cmake -E cmake_link_script CMakeFiles/cmTC_6bd4a.dir/link.txt --verbose=1
/usr/bin/cc       CMakeFiles/cmTC_6bd4a.dir/CheckSymbolExists.c.o  -o cmTC_6bd4a -rdynamic 
CMakeFiles/cmTC_6bd4a.dir/CheckSymbolExists.c.o: In function `main':
CheckSymbolExists.c:(.text+0x16): undefined reference to `pthread_create'
collect2: error: ld returned 1 exit status
CMakeFiles/cmTC_6bd4a.dir/build.make:97: recipe for target 'cmTC_6bd4a' failed
make[1]: *** [cmTC_6bd4a] Error 1
make[1]: Leaving directory '/home/sneha/mybot/mybot_ws/build/mybot_description/CMakeFiles/CMakeTmp'
Makefile:126: recipe for target 'cmTC_6bd4a/fast' failed
make: *** [cmTC_6bd4a/fast] Error 2

File /home/sneha/mybot/mybot_ws/build/mybot_description/CMakeFiles/CMakeTmp/CheckSymbolExists.c:
/* */
#include <pthread.h>

int main(int argc, char** argv)
{
  (void)argv;
#ifndef pthread_create
  return ((int*)(&pthread_create))[argc];
#else
  (void)argc;
  return 0;
#endif
}

Determining if the function pthread_create exists in the pthreads failed with the following output:
Change Dir: /home/sneha/mybot/mybot_ws/build/mybot_description/CMakeFiles/CMakeTmp

Run Build Command:"/usr/bin/make" "cmTC_d8b87/fast"
/usr/bin/make -f CMakeFiles/cmTC_d8b87.dir/build.make CMakeFiles/cmTC_d8b87.dir/build
make[1]: Entering directory '/home/sneha/mybot/mybot_ws/build/mybot_description/CMakeFiles/CMakeTmp'
Building C object CMakeFiles/cmTC_d8b87.dir/CheckFunctionExists.c.o
/usr/bin/cc    -DCHECK_FUNCTION_EXISTS=pthread_create   -o CMakeFiles/cmTC_d8b87.dir/CheckFunctionExists.c.o   -c /usr/share/cmake-3.5/Modules/CheckFunctionExists.c
Linking C executable cmTC_d8b87
/usr/bin/cmake -E cmake_link_script CMakeFiles/cmTC_d8b87.dir/link.txt --verbose=1
/usr/bin/cc   -DCHECK_FUNCTION_EXISTS=pthread_create    CMakeFiles/cmTC_d8b87.dir/CheckFunctionExists.c.o  -o cmTC_d8b87 -rdynamic -lpthreads 
/usr/bin/ld: cannot find -lpthreads
collect2: error: ld returned 1 exit status
CMakeFiles/cmTC_d8b87.dir/build.make:97: recipe for target 'cmTC_d8b87' failed
make[1]: *** [cmTC_d8b87] Error 1
make[1]: Leaving directory '/home/sneha/mybot/mybot_ws/build/mybot_description/CMakeFiles/CMakeTmp'
Makefile:126: recipe for target 'cmTC_d8b87/fast' failed
make: *** [cmTC_d8b87/fast] Error 2


